running egg_info
creating ../../build/hello_package/hello_package.egg-info
writing ../../build/hello_package/hello_package.egg-info/PKG-INFO
writing dependency_links to ../../build/hello_package/hello_package.egg-info/dependency_links.txt
writing entry points to ../../build/hello_package/hello_package.egg-info/entry_points.txt
writing requirements to ../../build/hello_package/hello_package.egg-info/requires.txt
writing top-level names to ../../build/hello_package/hello_package.egg-info/top_level.txt
writing manifest file '../../build/hello_package/hello_package.egg-info/SOURCES.txt'
reading manifest file '../../build/hello_package/hello_package.egg-info/SOURCES.txt'
writing manifest file '../../build/hello_package/hello_package.egg-info/SOURCES.txt'
running build
running build_py
creating /home/lolo/ros2_ws/build/hello_package/build
creating /home/lolo/ros2_ws/build/hello_package/build/lib
creating /home/lolo/ros2_ws/build/hello_package/build/lib/hello_package
copying hello_package/__init__.py -> /home/lolo/ros2_ws/build/hello_package/build/lib/hello_package
copying hello_package/hello_node.py -> /home/lolo/ros2_ws/build/hello_package/build/lib/hello_package
running install
running install_lib
creating /home/lolo/ros2_ws/install/hello_package/lib/python3.12/site-packages/hello_package
copying /home/lolo/ros2_ws/build/hello_package/build/lib/hello_package/__init__.py -> /home/lolo/ros2_ws/install/hello_package/lib/python3.12/site-packages/hello_package
copying /home/lolo/ros2_ws/build/hello_package/build/lib/hello_package/hello_node.py -> /home/lolo/ros2_ws/install/hello_package/lib/python3.12/site-packages/hello_package
byte-compiling /home/lolo/ros2_ws/install/hello_package/lib/python3.12/site-packages/hello_package/__init__.py to __init__.cpython-312.pyc
byte-compiling /home/lolo/ros2_ws/install/hello_package/lib/python3.12/site-packages/hello_package/hello_node.py to hello_node.cpython-312.pyc
running install_data
creating /home/lolo/ros2_ws/install/hello_package/share/ament_index
creating /home/lolo/ros2_ws/install/hello_package/share/ament_index/resource_index
creating /home/lolo/ros2_ws/install/hello_package/share/ament_index/resource_index/packages
copying resource/hello_package -> /home/lolo/ros2_ws/install/hello_package/share/ament_index/resource_index/packages
copying package.xml -> /home/lolo/ros2_ws/install/hello_package/share/hello_package
running install_egg_info
Copying ../../build/hello_package/hello_package.egg-info to /home/lolo/ros2_ws/install/hello_package/lib/python3.12/site-packages/hello_package-0.0.0-py3.12.egg-info
running install_scripts
Installing hello_node script to /home/lolo/ros2_ws/install/hello_package/lib/hello_package
writing list of installed files to '/home/lolo/ros2_ws/build/hello_package/install.log'
