[1.291s] Invoking command in '/home/lolo/ros2_ws/src/hello_package': DEBUGINFOD_URLS=https://debuginfod.ubuntu.com PYTHONPATH=/home/lolo/ros2_ws/build/hello_package/prefix_override:/usr/lib/python3/dist-packages/colcon_core/task/python/colcon_distutils_commands:/home/lolo/ros2_ws/install/hello_package/lib/python3.12/site-packages:${PYTHONPATH} VIRTUAL_ENV_PROMPT=(.venv) /usr/bin/python3 -W ignore:setup.py install is deprecated -W ignore:easy_install command is deprecated setup.py egg_info --egg-base ../../build/hello_package build --build-base /home/lolo/ros2_ws/build/hello_package/build install --record /home/lolo/ros2_ws/build/hello_package/install.log --single-version-externally-managed install_data
[1.780s] running egg_info
[1.781s] creating ../../build/hello_package/hello_package.egg-info
[1.807s] writing ../../build/hello_package/hello_package.egg-info/PKG-INFO
[1.807s] writing dependency_links to ../../build/hello_package/hello_package.egg-info/dependency_links.txt
[1.807s] writing entry points to ../../build/hello_package/hello_package.egg-info/entry_points.txt
[1.808s] writing requirements to ../../build/hello_package/hello_package.egg-info/requires.txt
[1.808s] writing top-level names to ../../build/hello_package/hello_package.egg-info/top_level.txt
[1.808s] writing manifest file '../../build/hello_package/hello_package.egg-info/SOURCES.txt'
[1.884s] reading manifest file '../../build/hello_package/hello_package.egg-info/SOURCES.txt'
[1.884s] writing manifest file '../../build/hello_package/hello_package.egg-info/SOURCES.txt'
[1.885s] running build
[1.885s] running build_py
[1.885s] creating /home/lolo/ros2_ws/build/hello_package/build
[1.885s] creating /home/lolo/ros2_ws/build/hello_package/build/lib
[1.885s] creating /home/lolo/ros2_ws/build/hello_package/build/lib/hello_package
[1.885s] copying hello_package/__init__.py -> /home/lolo/ros2_ws/build/hello_package/build/lib/hello_package
[1.885s] copying hello_package/hello_node.py -> /home/lolo/ros2_ws/build/hello_package/build/lib/hello_package
[1.885s] running install
[1.891s] running install_lib
[1.913s] creating /home/lolo/ros2_ws/install/hello_package/lib/python3.12/site-packages/hello_package
[1.913s] copying /home/lolo/ros2_ws/build/hello_package/build/lib/hello_package/__init__.py -> /home/lolo/ros2_ws/install/hello_package/lib/python3.12/site-packages/hello_package
[1.913s] copying /home/lolo/ros2_ws/build/hello_package/build/lib/hello_package/hello_node.py -> /home/lolo/ros2_ws/install/hello_package/lib/python3.12/site-packages/hello_package
[1.914s] byte-compiling /home/lolo/ros2_ws/install/hello_package/lib/python3.12/site-packages/hello_package/__init__.py to __init__.cpython-312.pyc
[1.914s] byte-compiling /home/lolo/ros2_ws/install/hello_package/lib/python3.12/site-packages/hello_package/hello_node.py to hello_node.cpython-312.pyc
[1.914s] running install_data
[1.914s] creating /home/lolo/ros2_ws/install/hello_package/share/ament_index
[1.914s] creating /home/lolo/ros2_ws/install/hello_package/share/ament_index/resource_index
[1.915s] creating /home/lolo/ros2_ws/install/hello_package/share/ament_index/resource_index/packages
[1.915s] copying resource/hello_package -> /home/lolo/ros2_ws/install/hello_package/share/ament_index/resource_index/packages
[1.915s] copying package.xml -> /home/lolo/ros2_ws/install/hello_package/share/hello_package
[1.915s] running install_egg_info
[1.968s] Copying ../../build/hello_package/hello_package.egg-info to /home/lolo/ros2_ws/install/hello_package/lib/python3.12/site-packages/hello_package-0.0.0-py3.12.egg-info
[1.969s] running install_scripts
[2.183s] Installing hello_node script to /home/lolo/ros2_ws/install/hello_package/lib/hello_package
[2.183s] writing list of installed files to '/home/lolo/ros2_ws/build/hello_package/install.log'
[2.205s] Invoked command in '/home/lolo/ros2_ws/src/hello_package' returned '0': DEBUGINFOD_URLS=https://debuginfod.ubuntu.com PYTHONPATH=/home/lolo/ros2_ws/build/hello_package/prefix_override:/usr/lib/python3/dist-packages/colcon_core/task/python/colcon_distutils_commands:/home/lolo/ros2_ws/install/hello_package/lib/python3.12/site-packages:${PYTHONPATH} VIRTUAL_ENV_PROMPT=(.venv) /usr/bin/python3 -W ignore:setup.py install is deprecated -W ignore:easy_install command is deprecated setup.py egg_info --egg-base ../../build/hello_package build --build-base /home/lolo/ros2_ws/build/hello_package/build install --record /home/lolo/ros2_ws/build/hello_package/install.log --single-version-externally-managed install_data
