[1.213s] Invoking command in '/home/lolo/ros2_ws/src/kuka_urdf': DEBUGINFOD_URLS=https://debuginfod.ubuntu.com PYTHONPATH=/home/lolo/ros2_ws/build/kuka_urdf/prefix_override:/usr/lib/python3/dist-packages/colcon_core/task/python/colcon_distutils_commands:/home/lolo/ros2_ws/install/kuka_urdf/lib/python3.12/site-packages:${PYTHONPATH} /usr/bin/python3 -W ignore:setup.py install is deprecated -W ignore:easy_install command is deprecated setup.py egg_info --egg-base ../../build/kuka_urdf build --build-base /home/lolo/ros2_ws/build/kuka_urdf/build install --record /home/lolo/ros2_ws/build/kuka_urdf/install.log --single-version-externally-managed install_data
[1.530s] running egg_info
[1.552s] writing ../../build/kuka_urdf/kuka_urdf.egg-info/PKG-INFO
[1.552s] writing dependency_links to ../../build/kuka_urdf/kuka_urdf.egg-info/dependency_links.txt
[1.552s] writing entry points to ../../build/kuka_urdf/kuka_urdf.egg-info/entry_points.txt
[1.552s] writing requirements to ../../build/kuka_urdf/kuka_urdf.egg-info/requires.txt
[1.553s] writing top-level names to ../../build/kuka_urdf/kuka_urdf.egg-info/top_level.txt
[1.597s] reading manifest file '../../build/kuka_urdf/kuka_urdf.egg-info/SOURCES.txt'
[1.597s] adding license file 'LICENSE'
[1.598s] writing manifest file '../../build/kuka_urdf/kuka_urdf.egg-info/SOURCES.txt'
[1.598s] running build
[1.598s] running build_py
[1.599s] running install
[1.611s] running install_lib
[1.636s] running install_data
[1.636s] copying launch/launch.py -> /home/lolo/ros2_ws/install/kuka_urdf/share/kuka_urdf/launch
[1.636s] copying urdf/kr210l150.urdf -> /home/lolo/ros2_ws/install/kuka_urdf/share/kuka_urdf/urdf
[1.637s] running install_egg_info
[1.662s] removing '/home/lolo/ros2_ws/install/kuka_urdf/lib/python3.12/site-packages/kuka_urdf-0.0.0-py3.12.egg-info' (and everything under it)
[1.662s] Copying ../../build/kuka_urdf/kuka_urdf.egg-info to /home/lolo/ros2_ws/install/kuka_urdf/lib/python3.12/site-packages/kuka_urdf-0.0.0-py3.12.egg-info
[1.663s] running install_scripts
[1.835s] Installing hello_node script to /home/lolo/ros2_ws/install/kuka_urdf/lib/kuka_urdf
[1.835s] Installing state_publisher script to /home/lolo/ros2_ws/install/kuka_urdf/lib/kuka_urdf
[1.835s] writing list of installed files to '/home/lolo/ros2_ws/build/kuka_urdf/install.log'
[1.865s] Invoked command in '/home/lolo/ros2_ws/src/kuka_urdf' returned '0': DEBUGINFOD_URLS=https://debuginfod.ubuntu.com PYTHONPATH=/home/lolo/ros2_ws/build/kuka_urdf/prefix_override:/usr/lib/python3/dist-packages/colcon_core/task/python/colcon_distutils_commands:/home/lolo/ros2_ws/install/kuka_urdf/lib/python3.12/site-packages:${PYTHONPATH} /usr/bin/python3 -W ignore:setup.py install is deprecated -W ignore:easy_install command is deprecated setup.py egg_info --egg-base ../../build/kuka_urdf build --build-base /home/lolo/ros2_ws/build/kuka_urdf/build install --record /home/lolo/ros2_ws/build/kuka_urdf/install.log --single-version-externally-managed install_data
