[1.135s] Invoking command in '/home/lolo/ros2_ws/src/kuka_urdf': DEBUGINFOD_URLS=https://debuginfod.ubuntu.com PYTHONPATH=/home/lolo/ros2_ws/build/kuka_urdf/prefix_override:/usr/lib/python3/dist-packages/colcon_core/task/python/colcon_distutils_commands:/home/lolo/ros2_ws/install/kuka_urdf/lib/python3.12/site-packages:${PYTHONPATH} VIRTUAL_ENV_PROMPT=(.venv) /usr/bin/python3 -W ignore:setup.py install is deprecated -W ignore:easy_install command is deprecated setup.py egg_info --egg-base ../../build/kuka_urdf build --build-base /home/lolo/ros2_ws/build/kuka_urdf/build install --record /home/lolo/ros2_ws/build/kuka_urdf/install.log --single-version-externally-managed install_data
[1.450s] running egg_info
[1.473s] writing ../../build/kuka_urdf/kuka_urdf.egg-info/PKG-INFO
[1.473s] writing dependency_links to ../../build/kuka_urdf/kuka_urdf.egg-info/dependency_links.txt
[1.474s] writing entry points to ../../build/kuka_urdf/kuka_urdf.egg-info/entry_points.txt
[1.474s] writing requirements to ../../build/kuka_urdf/kuka_urdf.egg-info/requires.txt
[1.474s] writing top-level names to ../../build/kuka_urdf/kuka_urdf.egg-info/top_level.txt
[1.521s] reading manifest file '../../build/kuka_urdf/kuka_urdf.egg-info/SOURCES.txt'
[1.522s] adding license file 'LICENSE'
[1.522s] writing manifest file '../../build/kuka_urdf/kuka_urdf.egg-info/SOURCES.txt'
[1.523s] running build
[1.523s] running build_py
[1.523s] running install
[1.530s] running install_lib
[1.553s] creating /home/lolo/ros2_ws/install/kuka_urdf/lib/python3.12/site-packages/kuka_urdf
[1.553s] copying /home/lolo/ros2_ws/build/kuka_urdf/build/lib/kuka_urdf/__init__.py -> /home/lolo/ros2_ws/install/kuka_urdf/lib/python3.12/site-packages/kuka_urdf
[1.553s] copying /home/lolo/ros2_ws/build/kuka_urdf/build/lib/kuka_urdf/hello_node.py -> /home/lolo/ros2_ws/install/kuka_urdf/lib/python3.12/site-packages/kuka_urdf
[1.553s] copying /home/lolo/ros2_ws/build/kuka_urdf/build/lib/kuka_urdf/state_publisher.py -> /home/lolo/ros2_ws/install/kuka_urdf/lib/python3.12/site-packages/kuka_urdf
[1.554s] byte-compiling /home/lolo/ros2_ws/install/kuka_urdf/lib/python3.12/site-packages/kuka_urdf/__init__.py to __init__.cpython-312.pyc
[1.554s] byte-compiling /home/lolo/ros2_ws/install/kuka_urdf/lib/python3.12/site-packages/kuka_urdf/hello_node.py to hello_node.cpython-312.pyc
[1.554s] byte-compiling /home/lolo/ros2_ws/install/kuka_urdf/lib/python3.12/site-packages/kuka_urdf/state_publisher.py to state_publisher.cpython-312.pyc
[1.555s] running install_data
[1.555s] creating /home/lolo/ros2_ws/install/kuka_urdf/share/ament_index
[1.555s] creating /home/lolo/ros2_ws/install/kuka_urdf/share/ament_index/resource_index
[1.555s] creating /home/lolo/ros2_ws/install/kuka_urdf/share/ament_index/resource_index/packages
[1.556s] copying resource/kuka_urdf -> /home/lolo/ros2_ws/install/kuka_urdf/share/ament_index/resource_index/packages
[1.556s] copying package.xml -> /home/lolo/ros2_ws/install/kuka_urdf/share/kuka_urdf
[1.556s] creating /home/lolo/ros2_ws/install/kuka_urdf/share/kuka_urdf/launch
[1.556s] copying launch/demo_launch.py -> /home/lolo/ros2_ws/install/kuka_urdf/share/kuka_urdf/launch
[1.556s] copying launch/launch.py -> /home/lolo/ros2_ws/install/kuka_urdf/share/kuka_urdf/launch
[1.556s] creating /home/lolo/ros2_ws/install/kuka_urdf/share/kuka_urdf/urdf
[1.556s] copying urdf/kuka.rviz -> /home/lolo/ros2_ws/install/kuka_urdf/share/kuka_urdf/urdf
[1.556s] copying urdf/kr210l150.urdf -> /home/lolo/ros2_ws/install/kuka_urdf/share/kuka_urdf/urdf
[1.556s] creating /home/lolo/ros2_ws/install/kuka_urdf/share/kuka_urdf/meshes
[1.556s] creating /home/lolo/ros2_ws/install/kuka_urdf/share/kuka_urdf/meshes/visual
[1.557s] copying meshes/visual/link_5.dae -> /home/lolo/ros2_ws/install/kuka_urdf/share/kuka_urdf/meshes/visual
[1.558s] copying meshes/visual/link_1.dae -> /home/lolo/ros2_ws/install/kuka_urdf/share/kuka_urdf/meshes/visual
[1.559s] copying meshes/visual/link_3.dae -> /home/lolo/ros2_ws/install/kuka_urdf/share/kuka_urdf/meshes/visual
[1.560s] copying meshes/visual/link_4.dae -> /home/lolo/ros2_ws/install/kuka_urdf/share/kuka_urdf/meshes/visual
[1.561s] copying meshes/visual/base_link.dae -> /home/lolo/ros2_ws/install/kuka_urdf/share/kuka_urdf/meshes/visual
[1.561s] copying meshes/visual/link_2.dae -> /home/lolo/ros2_ws/install/kuka_urdf/share/kuka_urdf/meshes/visual
[1.565s] copying meshes/visual/link_6.dae -> /home/lolo/ros2_ws/install/kuka_urdf/share/kuka_urdf/meshes/visual
[1.566s] creating /home/lolo/ros2_ws/install/kuka_urdf/share/kuka_urdf/meshes/collision
[1.566s] copying meshes/collision/base_link.stl -> /home/lolo/ros2_ws/install/kuka_urdf/share/kuka_urdf/meshes/collision
[1.566s] copying meshes/collision/link_1.stl -> /home/lolo/ros2_ws/install/kuka_urdf/share/kuka_urdf/meshes/collision
[1.567s] copying meshes/collision/link_4.stl -> /home/lolo/ros2_ws/install/kuka_urdf/share/kuka_urdf/meshes/collision
[1.567s] copying meshes/collision/link_2.stl -> /home/lolo/ros2_ws/install/kuka_urdf/share/kuka_urdf/meshes/collision
[1.567s] copying meshes/collision/link_5.stl -> /home/lolo/ros2_ws/install/kuka_urdf/share/kuka_urdf/meshes/collision
[1.567s] copying meshes/collision/link_3.stl -> /home/lolo/ros2_ws/install/kuka_urdf/share/kuka_urdf/meshes/collision
[1.567s] copying meshes/collision/link_6.stl -> /home/lolo/ros2_ws/install/kuka_urdf/share/kuka_urdf/meshes/collision
[1.567s] running install_egg_info
[1.592s] Copying ../../build/kuka_urdf/kuka_urdf.egg-info to /home/lolo/ros2_ws/install/kuka_urdf/lib/python3.12/site-packages/kuka_urdf-0.0.0-py3.12.egg-info
[1.593s] running install_scripts
[1.747s] Installing hello_node script to /home/lolo/ros2_ws/install/kuka_urdf/lib/kuka_urdf
[1.747s] Installing state_publisher script to /home/lolo/ros2_ws/install/kuka_urdf/lib/kuka_urdf
[1.747s] writing list of installed files to '/home/lolo/ros2_ws/build/kuka_urdf/install.log'
[1.780s] Invoked command in '/home/lolo/ros2_ws/src/kuka_urdf' returned '0': DEBUGINFOD_URLS=https://debuginfod.ubuntu.com PYTHONPATH=/home/lolo/ros2_ws/build/kuka_urdf/prefix_override:/usr/lib/python3/dist-packages/colcon_core/task/python/colcon_distutils_commands:/home/lolo/ros2_ws/install/kuka_urdf/lib/python3.12/site-packages:${PYTHONPATH} VIRTUAL_ENV_PROMPT=(.venv) /usr/bin/python3 -W ignore:setup.py install is deprecated -W ignore:easy_install command is deprecated setup.py egg_info --egg-base ../../build/kuka_urdf build --build-base /home/lolo/ros2_ws/build/kuka_urdf/build install --record /home/lolo/ros2_ws/build/kuka_urdf/install.log --single-version-externally-managed install_data
