[0.009s] Invoking command in '/home/lolo/ros2_ws/build/kukabot': CMAKE_PREFIX_PATH=${CMAKE_PREFIX_PATH}:/opt/ros/jazzy DEBUGINFOD_URLS=https://debuginfod.ubuntu.com VIRTUAL_ENV_PROMPT=(.venv) /usr/bin/cmake /home/lolo/ros2_ws/src/kukabot -DCMAKE_INSTALL_PREFIX=/home/lolo/ros2_ws/install/kukabot
[0.023s] -- Found ament_cmake: 2.5.3 (/opt/ros/jazzy/share/ament_cmake/cmake)
[0.205s] -- Found rclcpp: 28.1.6 (/opt/ros/jazzy/share/rclcpp/cmake)
[0.234s] -- Found rosidl_generator_c: 4.6.5 (/opt/ros/jazzy/share/rosidl_generator_c/cmake)
[0.243s] -- Found rosidl_generator_cpp: 4.6.5 (/opt/ros/jazzy/share/rosidl_generator_cpp/cmake)
[0.255s] -- Using all available rosidl_typesupport_c: rosidl_typesupport_fastrtps_c;rosidl_typesupport_introspection_c
[0.269s] -- Using all available rosidl_typesupport_cpp: rosidl_typesupport_fastrtps_cpp;rosidl_typesupport_introspection_cpp
[0.335s] -- Found rmw_implementation_cmake: 7.3.1 (/opt/ros/jazzy/share/rmw_implementation_cmake/cmake)
[0.336s] -- Found rmw_fastrtps_cpp: 8.4.1 (/opt/ros/jazzy/share/rmw_fastrtps_cpp/cmake)
[0.398s] -- Using RMW implementation 'rmw_fastrtps_cpp' as default
[0.469s] -- Found rclpy: 7.1.3 (/opt/ros/jazzy/share/rclpy/cmake)
[0.469s] -- Found std_msgs: 5.3.5 (/opt/ros/jazzy/share/std_msgs/cmake)
[0.484s] -- Found sensor_msgs: 5.3.5 (/opt/ros/jazzy/share/sensor_msgs/cmake)
[0.526s] -- Found urdf: 2.10.0 (/opt/ros/jazzy/share/urdf/cmake)
[0.537s] -- Found xacro: 2.0.11 (/opt/ros/jazzy/share/xacro/cmake)
[0.547s] [31mCMake Error at CMakeLists.txt:17 (find_package):
[0.548s]   By not providing "Findlaunch.cmake" in CMAKE_MODULE_PATH this project has
[0.548s]   asked CMake to find a package configuration file provided by "launch", but
[0.548s]   CMake did not find one.
[0.548s] 
[0.548s]   Could not find a package configuration file provided by "launch" with any
[0.548s]   of the following names:
[0.548s] 
[0.548s]     launchConfig.cmake
[0.548s]     launch-config.cmake
[0.548s] 
[0.548s]   Add the installation prefix of "launch" to CMAKE_PREFIX_PATH or set
[0.548s]   "launch_DIR" to a directory containing one of the above files.  If "launch"
[0.548s]   provides a separate development package or SDK, be sure it has been
[0.548s]   installed.
[0.548s] 
[0.549s] [0m
[0.549s] -- Configuring incomplete, errors occurred!
[0.554s] Invoked command in '/home/lolo/ros2_ws/build/kukabot' returned '1': CMAKE_PREFIX_PATH=${CMAKE_PREFIX_PATH}:/opt/ros/jazzy DEBUGINFOD_URLS=https://debuginfod.ubuntu.com VIRTUAL_ENV_PROMPT=(.venv) /usr/bin/cmake /home/lolo/ros2_ws/src/kukabot -DCMAKE_INSTALL_PREFIX=/home/lolo/ros2_ws/install/kukabot
