[1.424s] Invoking command in '/home/lolo/ros2_ws/src/hello_package': DEBUGINFOD_URLS=https://debuginfod.ubuntu.com PYTHONPATH=/home/lolo/ros2_ws/build/hello_package/prefix_override:/usr/lib/python3/dist-packages/colcon_core/task/python/colcon_distutils_commands:/home/lolo/ros2_ws/install/hello_package/lib/python3.12/site-packages:${PYTHONPATH} VIRTUAL_ENV_PROMPT=(.venv) /usr/bin/python3 -W ignore:setup.py install is deprecated -W ignore:easy_install command is deprecated setup.py egg_info --egg-base ../../build/hello_package build --build-base /home/lolo/ros2_ws/build/hello_package/build install --record /home/lolo/ros2_ws/build/hello_package/install.log --single-version-externally-managed install_data
[1.752s] running egg_info
[1.777s] writing ../../build/hello_package/hello_package.egg-info/PKG-INFO
[1.777s] writing dependency_links to ../../build/hello_package/hello_package.egg-info/dependency_links.txt
[1.777s] writing entry points to ../../build/hello_package/hello_package.egg-info/entry_points.txt
[1.777s] writing requirements to ../../build/hello_package/hello_package.egg-info/requires.txt
[1.778s] writing top-level names to ../../build/hello_package/hello_package.egg-info/top_level.txt
[1.829s] reading manifest file '../../build/hello_package/hello_package.egg-info/SOURCES.txt'
[1.830s] writing manifest file '../../build/hello_package/hello_package.egg-info/SOURCES.txt'
[1.830s] running build
[1.830s] running build_py
[1.830s] running install
[1.837s] running install_lib
[1.864s] running install_data
[1.864s] running install_egg_info
[1.891s] removing '/home/lolo/ros2_ws/install/hello_package/lib/python3.12/site-packages/hello_package-0.0.0-py3.12.egg-info' (and everything under it)
[1.891s] Copying ../../build/hello_package/hello_package.egg-info to /home/lolo/ros2_ws/install/hello_package/lib/python3.12/site-packages/hello_package-0.0.0-py3.12.egg-info
[1.892s] running install_scripts
[2.065s] Installing hello_node script to /home/lolo/ros2_ws/install/hello_package/lib/hello_package
[2.065s] writing list of installed files to '/home/lolo/ros2_ws/build/hello_package/install.log'
[2.093s] Invoked command in '/home/lolo/ros2_ws/src/hello_package' returned '0': DEBUGINFOD_URLS=https://debuginfod.ubuntu.com PYTHONPATH=/home/lolo/ros2_ws/build/hello_package/prefix_override:/usr/lib/python3/dist-packages/colcon_core/task/python/colcon_distutils_commands:/home/lolo/ros2_ws/install/hello_package/lib/python3.12/site-packages:${PYTHONPATH} VIRTUAL_ENV_PROMPT=(.venv) /usr/bin/python3 -W ignore:setup.py install is deprecated -W ignore:easy_install command is deprecated setup.py egg_info --egg-base ../../build/hello_package build --build-base /home/lolo/ros2_ws/build/hello_package/build install --record /home/lolo/ros2_ws/build/hello_package/install.log --single-version-externally-managed install_data
