[1.028s] Invoking command in '/home/lolo/ros2_ws/src/kuka_urdf': DEBUGINFOD_URLS=https://debuginfod.ubuntu.com PYTHONPATH=/home/lolo/ros2_ws/build/kuka_urdf/prefix_override:/usr/lib/python3/dist-packages/colcon_core/task/python/colcon_distutils_commands:/home/lolo/ros2_ws/install/kuka_urdf/lib/python3.12/site-packages:${PYTHONPATH} /usr/bin/python3 -W ignore:setup.py install is deprecated -W ignore:easy_install command is deprecated setup.py egg_info --egg-base ../../build/kuka_urdf build --build-base /home/lolo/ros2_ws/build/kuka_urdf/build install --record /home/lolo/ros2_ws/build/kuka_urdf/install.log --single-version-externally-managed install_data
[1.360s] running egg_info
[1.383s] writing ../../build/kuka_urdf/kuka_urdf.egg-info/PKG-INFO
[1.384s] writing dependency_links to ../../build/kuka_urdf/kuka_urdf.egg-info/dependency_links.txt
[1.384s] writing entry points to ../../build/kuka_urdf/kuka_urdf.egg-info/entry_points.txt
[1.384s] writing requirements to ../../build/kuka_urdf/kuka_urdf.egg-info/requires.txt
[1.384s] writing top-level names to ../../build/kuka_urdf/kuka_urdf.egg-info/top_level.txt
[1.439s] reading manifest file '../../build/kuka_urdf/kuka_urdf.egg-info/SOURCES.txt'
[1.440s] adding license file 'LICENSE'
[1.441s] writing manifest file '../../build/kuka_urdf/kuka_urdf.egg-info/SOURCES.txt'
[1.441s] running build
[1.441s] running build_py
[1.442s] running install
[1.450s] running install_lib
[1.473s] running install_data
[1.474s] copying launch/launch.py -> /home/lolo/ros2_ws/install/kuka_urdf/share/kuka_urdf/launch
[1.474s] running install_egg_info
[1.499s] removing '/home/lolo/ros2_ws/install/kuka_urdf/lib/python3.12/site-packages/kuka_urdf-0.0.0-py3.12.egg-info' (and everything under it)
[1.499s] Copying ../../build/kuka_urdf/kuka_urdf.egg-info to /home/lolo/ros2_ws/install/kuka_urdf/lib/python3.12/site-packages/kuka_urdf-0.0.0-py3.12.egg-info
[1.501s] running install_scripts
[1.675s] Installing hello_node script to /home/lolo/ros2_ws/install/kuka_urdf/lib/kuka_urdf
[1.675s] Installing state_publisher script to /home/lolo/ros2_ws/install/kuka_urdf/lib/kuka_urdf
[1.675s] writing list of installed files to '/home/lolo/ros2_ws/build/kuka_urdf/install.log'
[1.700s] Invoked command in '/home/lolo/ros2_ws/src/kuka_urdf' returned '0': DEBUGINFOD_URLS=https://debuginfod.ubuntu.com PYTHONPATH=/home/lolo/ros2_ws/build/kuka_urdf/prefix_override:/usr/lib/python3/dist-packages/colcon_core/task/python/colcon_distutils_commands:/home/lolo/ros2_ws/install/kuka_urdf/lib/python3.12/site-packages:${PYTHONPATH} /usr/bin/python3 -W ignore:setup.py install is deprecated -W ignore:easy_install command is deprecated setup.py egg_info --egg-base ../../build/kuka_urdf build --build-base /home/lolo/ros2_ws/build/kuka_urdf/build install --record /home/lolo/ros2_ws/build/kuka_urdf/install.log --single-version-externally-managed install_data
