running develop
running egg_info
creating kuka_urdf.egg-info
writing kuka_urdf.egg-info/PKG-INFO
writing dependency_links to kuka_urdf.egg-info/dependency_links.txt
writing entry points to kuka_urdf.egg-info/entry_points.txt
writing requirements to kuka_urdf.egg-info/requires.txt
writing top-level names to kuka_urdf.egg-info/top_level.txt
writing manifest file 'kuka_urdf.egg-info/SOURCES.txt'
reading manifest file 'kuka_urdf.egg-info/SOURCES.txt'
writing manifest file 'kuka_urdf.egg-info/SOURCES.txt'
running build_ext
Creating /home/lolo/ros2_ws/install/kuka_urdf/lib/python3.12/site-packages/kuka-urdf.egg-link (link to .)
Installing state_publisher script to /home/lolo/ros2_ws/install/kuka_urdf/lib/kuka_urdf

Installed /home/lolo/ros2_ws/build/kuka_urdf
running symlink_data
creating /home/lolo/ros2_ws/install/kuka_urdf/share/ament_index
creating /home/lolo/ros2_ws/install/kuka_urdf/share/ament_index/resource_index
creating /home/lolo/ros2_ws/install/kuka_urdf/share/ament_index/resource_index/packages
symbolically linking /home/lolo/ros2_ws/build/kuka_urdf/resource/kuka_urdf -> /home/lolo/ros2_ws/install/kuka_urdf/share/ament_index/resource_index/packages
symbolically linking /home/lolo/ros2_ws/build/kuka_urdf/package.xml -> /home/lolo/ros2_ws/install/kuka_urdf/share/kuka_urdf
creating /home/lolo/ros2_ws/install/kuka_urdf/share/kuka_urdf/launch
symbolically linking /home/lolo/ros2_ws/build/kuka_urdf/launch/demo_launch.py -> /home/lolo/ros2_ws/install/kuka_urdf/share/kuka_urdf/launch
creating /home/lolo/ros2_ws/install/kuka_urdf/share/kuka_urdf/urdf
error: can't copy '/home/lolo/ros2_ws/build/kuka_urdf/meshes/visual': doesn't exist or not a regular file
symbolically linking /home/lolo/ros2_ws/build/kuka_urdf/urdf/kr210l150.urdf -> /home/lolo/ros2_ws/install/kuka_urdf/share/kuka_urdf/urdf
creating /home/lolo/ros2_ws/install/kuka_urdf/share/kuka_urdf/meshes
