[0.818s] Invoking command in '/home/lolo/ros2_ws/build/kuka_urdf': DEBUGINFOD_URLS=https://debuginfod.ubuntu.com PYTHONPATH=/home/lolo/ros2_ws/build/kuka_urdf/prefix_override:/usr/lib/python3/dist-packages/colcon_core/task/python/colcon_distutils_commands:/home/lolo/ros2_ws/install/kuka_urdf/lib/python3.12/site-packages:${PYTHONPATH} VIRTUAL_ENV_PROMPT=(.venv) /usr/bin/python3 -W ignore:setup.py install is deprecated -W ignore:easy_install command is deprecated setup.py develop --editable --build-directory /home/lolo/ros2_ws/build/kuka_urdf/build --no-deps symlink_data
[1.152s] running develop
[1.374s] running egg_info
[1.374s] creating kuka_urdf.egg-info
[1.395s] writing kuka_urdf.egg-info/PKG-INFO
[1.395s] writing dependency_links to kuka_urdf.egg-info/dependency_links.txt
[1.395s] writing entry points to kuka_urdf.egg-info/entry_points.txt
[1.395s] writing requirements to kuka_urdf.egg-info/requires.txt
[1.395s] writing top-level names to kuka_urdf.egg-info/top_level.txt
[1.395s] writing manifest file 'kuka_urdf.egg-info/SOURCES.txt'
[1.439s] reading manifest file 'kuka_urdf.egg-info/SOURCES.txt'
[1.439s] writing manifest file 'kuka_urdf.egg-info/SOURCES.txt'
[1.462s] running build_ext
[1.462s] Creating /home/lolo/ros2_ws/install/kuka_urdf/lib/python3.12/site-packages/kuka-urdf.egg-link (link to .)
[1.462s] Installing state_publisher script to /home/lolo/ros2_ws/install/kuka_urdf/lib/kuka_urdf
[1.462s] 
[1.463s] Installed /home/lolo/ros2_ws/build/kuka_urdf
[1.463s] running symlink_data
[1.463s] creating /home/lolo/ros2_ws/install/kuka_urdf/share/ament_index
[1.463s] creating /home/lolo/ros2_ws/install/kuka_urdf/share/ament_index/resource_index
[1.463s] creating /home/lolo/ros2_ws/install/kuka_urdf/share/ament_index/resource_index/packages
[1.463s] symbolically linking /home/lolo/ros2_ws/build/kuka_urdf/resource/kuka_urdf -> /home/lolo/ros2_ws/install/kuka_urdf/share/ament_index/resource_index/packages
[1.463s] symbolically linking /home/lolo/ros2_ws/build/kuka_urdf/package.xml -> /home/lolo/ros2_ws/install/kuka_urdf/share/kuka_urdf
[1.463s] creating /home/lolo/ros2_ws/install/kuka_urdf/share/kuka_urdf/launch
[1.463s] symbolically linking /home/lolo/ros2_ws/build/kuka_urdf/launch/demo_launch.py -> /home/lolo/ros2_ws/install/kuka_urdf/share/kuka_urdf/launch
[1.464s] creating /home/lolo/ros2_ws/install/kuka_urdf/share/kuka_urdf/urdf
[1.464s] error: can't copy '/home/lolo/ros2_ws/build/kuka_urdf/meshes/visual': doesn't exist or not a regular file
[1.464s] symbolically linking /home/lolo/ros2_ws/build/kuka_urdf/urdf/kr210l150.urdf -> /home/lolo/ros2_ws/install/kuka_urdf/share/kuka_urdf/urdf
[1.464s] creating /home/lolo/ros2_ws/install/kuka_urdf/share/kuka_urdf/meshes
[1.488s] Invoked command in '/home/lolo/ros2_ws/build/kuka_urdf' returned '1': DEBUGINFOD_URLS=https://debuginfod.ubuntu.com PYTHONPATH=/home/lolo/ros2_ws/build/kuka_urdf/prefix_override:/usr/lib/python3/dist-packages/colcon_core/task/python/colcon_distutils_commands:/home/lolo/ros2_ws/install/kuka_urdf/lib/python3.12/site-packages:${PYTHONPATH} VIRTUAL_ENV_PROMPT=(.venv) /usr/bin/python3 -W ignore:setup.py install is deprecated -W ignore:easy_install command is deprecated setup.py develop --editable --build-directory /home/lolo/ros2_ws/build/kuka_urdf/build --no-deps symlink_data
