running develop
Removing /home/lolo/ros2_ws/install/kuka_urdf/lib/python3.12/site-packages/kuka-urdf.egg-link (link to .)
running egg_info
writing ../../build/kuka_urdf/kuka_urdf.egg-info/PKG-INFO
writing dependency_links to ../../build/kuka_urdf/kuka_urdf.egg-info/dependency_links.txt
writing entry points to ../../build/kuka_urdf/kuka_urdf.egg-info/entry_points.txt
writing requirements to ../../build/kuka_urdf/kuka_urdf.egg-info/requires.txt
writing top-level names to ../../build/kuka_urdf/kuka_urdf.egg-info/top_level.txt
reading manifest file '../../build/kuka_urdf/kuka_urdf.egg-info/SOURCES.txt'
adding license file 'LICENSE'
writing manifest file '../../build/kuka_urdf/kuka_urdf.egg-info/SOURCES.txt'
running build
running build_py
creating /home/lolo/ros2_ws/build/kuka_urdf/build
creating /home/lolo/ros2_ws/build/kuka_urdf/build/lib
creating /home/lolo/ros2_ws/build/kuka_urdf/build/lib/kuka_urdf
copying kuka_urdf/__init__.py -> /home/lolo/ros2_ws/build/kuka_urdf/build/lib/kuka_urdf
copying kuka_urdf/state_publisher.py -> /home/lolo/ros2_ws/build/kuka_urdf/build/lib/kuka_urdf
running install
running install_lib
creating /home/lolo/ros2_ws/install/kuka_urdf/lib/python3.12/site-packages/kuka_urdf
copying /home/lolo/ros2_ws/build/kuka_urdf/build/lib/kuka_urdf/__init__.py -> /home/lolo/ros2_ws/install/kuka_urdf/lib/python3.12/site-packages/kuka_urdf
copying /home/lolo/ros2_ws/build/kuka_urdf/build/lib/kuka_urdf/state_publisher.py -> /home/lolo/ros2_ws/install/kuka_urdf/lib/python3.12/site-packages/kuka_urdf
byte-compiling /home/lolo/ros2_ws/install/kuka_urdf/lib/python3.12/site-packages/kuka_urdf/__init__.py to __init__.cpython-312.pyc
byte-compiling /home/lolo/ros2_ws/install/kuka_urdf/lib/python3.12/site-packages/kuka_urdf/state_publisher.py to state_publisher.cpython-312.pyc
running install_data
copying resource/kuka_urdf -> /home/lolo/ros2_ws/install/kuka_urdf/share/ament_index/resource_index/packages
copying package.xml -> /home/lolo/ros2_ws/install/kuka_urdf/share/kuka_urdf
copying launch/demo_launch.py -> /home/lolo/ros2_ws/install/kuka_urdf/share/kuka_urdf/launch
copying urdf/kr210l150.urdf -> /home/lolo/ros2_ws/install/kuka_urdf/share/kuka_urdf/urdf
copying meshes/visual/link_5.dae -> /home/lolo/ros2_ws/install/kuka_urdf/share/kuka_urdf/meshes
copying meshes/visual/link_1.dae -> /home/lolo/ros2_ws/install/kuka_urdf/share/kuka_urdf/meshes
copying meshes/visual/link_3.dae -> /home/lolo/ros2_ws/install/kuka_urdf/share/kuka_urdf/meshes
copying meshes/visual/link_4.dae -> /home/lolo/ros2_ws/install/kuka_urdf/share/kuka_urdf/meshes
copying meshes/visual/base_link.dae -> /home/lolo/ros2_ws/install/kuka_urdf/share/kuka_urdf/meshes
copying meshes/visual/link_2.dae -> /home/lolo/ros2_ws/install/kuka_urdf/share/kuka_urdf/meshes
copying meshes/visual/link_6.dae -> /home/lolo/ros2_ws/install/kuka_urdf/share/kuka_urdf/meshes
copying meshes/collision/base_link.stl -> /home/lolo/ros2_ws/install/kuka_urdf/share/kuka_urdf/meshes
copying meshes/collision/link_1.stl -> /home/lolo/ros2_ws/install/kuka_urdf/share/kuka_urdf/meshes
copying meshes/collision/link_4.stl -> /home/lolo/ros2_ws/install/kuka_urdf/share/kuka_urdf/meshes
copying meshes/collision/link_2.stl -> /home/lolo/ros2_ws/install/kuka_urdf/share/kuka_urdf/meshes
copying meshes/collision/link_5.stl -> /home/lolo/ros2_ws/install/kuka_urdf/share/kuka_urdf/meshes
copying meshes/collision/link_3.stl -> /home/lolo/ros2_ws/install/kuka_urdf/share/kuka_urdf/meshes
copying meshes/collision/link_6.stl -> /home/lolo/ros2_ws/install/kuka_urdf/share/kuka_urdf/meshes
running install_egg_info
Copying ../../build/kuka_urdf/kuka_urdf.egg-info to /home/lolo/ros2_ws/install/kuka_urdf/lib/python3.12/site-packages/kuka_urdf-0.0.0-py3.12.egg-info
running install_scripts
Installing state_publisher script to /home/lolo/ros2_ws/install/kuka_urdf/lib/kuka_urdf
writing list of installed files to '/home/lolo/ros2_ws/build/kuka_urdf/install.log'
