[1.116s] Invoking command in '/home/lolo/ros2_ws/build/kuka_urdf': DEBUGINFOD_URLS=https://debuginfod.ubuntu.com PYTHONPATH=/home/lolo/ros2_ws/build/kuka_urdf/prefix_override:/usr/lib/python3/dist-packages/colcon_core/task/python/colcon_distutils_commands:/home/lolo/ros2_ws/install/kuka_urdf/lib/python3.12/site-packages:${PYTHONPATH} VIRTUAL_ENV_PROMPT=(.venv) /usr/bin/python3 -W ignore:setup.py install is deprecated -W ignore:easy_install command is deprecated setup.py develop --uninstall --editable --build-directory /home/lolo/ros2_ws/build/kuka_urdf/build
[1.476s] running develop
[1.727s] Removing /home/lolo/ros2_ws/install/kuka_urdf/lib/python3.12/site-packages/kuka-urdf.egg-link (link to .)
[1.754s] Invoked command in '/home/lolo/ros2_ws/build/kuka_urdf' returned '0': DEBUGINFOD_URLS=https://debuginfod.ubuntu.com PYTHONPATH=/home/lolo/ros2_ws/build/kuka_urdf/prefix_override:/usr/lib/python3/dist-packages/colcon_core/task/python/colcon_distutils_commands:/home/lolo/ros2_ws/install/kuka_urdf/lib/python3.12/site-packages:${PYTHONPATH} VIRTUAL_ENV_PROMPT=(.venv) /usr/bin/python3 -W ignore:setup.py install is deprecated -W ignore:easy_install command is deprecated setup.py develop --uninstall --editable --build-directory /home/lolo/ros2_ws/build/kuka_urdf/build
[1.755s] Invoking command in '/home/lolo/ros2_ws/src/kuka_urdf': DEBUGINFOD_URLS=https://debuginfod.ubuntu.com PYTHONPATH=/home/lolo/ros2_ws/build/kuka_urdf/prefix_override:/usr/lib/python3/dist-packages/colcon_core/task/python/colcon_distutils_commands:/home/lolo/ros2_ws/install/kuka_urdf/lib/python3.12/site-packages:${PYTHONPATH} VIRTUAL_ENV_PROMPT=(.venv) /usr/bin/python3 -W ignore:setup.py install is deprecated -W ignore:easy_install command is deprecated setup.py egg_info --egg-base ../../build/kuka_urdf build --build-base /home/lolo/ros2_ws/build/kuka_urdf/build install --record /home/lolo/ros2_ws/build/kuka_urdf/install.log --single-version-externally-managed install_data --force
[2.038s] running egg_info
[2.060s] writing ../../build/kuka_urdf/kuka_urdf.egg-info/PKG-INFO
[2.060s] writing dependency_links to ../../build/kuka_urdf/kuka_urdf.egg-info/dependency_links.txt
[2.060s] writing entry points to ../../build/kuka_urdf/kuka_urdf.egg-info/entry_points.txt
[2.060s] writing requirements to ../../build/kuka_urdf/kuka_urdf.egg-info/requires.txt
[2.060s] writing top-level names to ../../build/kuka_urdf/kuka_urdf.egg-info/top_level.txt
[2.104s] reading manifest file '../../build/kuka_urdf/kuka_urdf.egg-info/SOURCES.txt'
[2.104s] adding license file 'LICENSE'
[2.105s] writing manifest file '../../build/kuka_urdf/kuka_urdf.egg-info/SOURCES.txt'
[2.105s] running build
[2.105s] running build_py
[2.105s] creating /home/lolo/ros2_ws/build/kuka_urdf/build
[2.106s] creating /home/lolo/ros2_ws/build/kuka_urdf/build/lib
[2.106s] creating /home/lolo/ros2_ws/build/kuka_urdf/build/lib/kuka_urdf
[2.106s] copying kuka_urdf/__init__.py -> /home/lolo/ros2_ws/build/kuka_urdf/build/lib/kuka_urdf
[2.106s] copying kuka_urdf/state_publisher.py -> /home/lolo/ros2_ws/build/kuka_urdf/build/lib/kuka_urdf
[2.106s] running install
[2.112s] running install_lib
[2.135s] creating /home/lolo/ros2_ws/install/kuka_urdf/lib/python3.12/site-packages/kuka_urdf
[2.135s] copying /home/lolo/ros2_ws/build/kuka_urdf/build/lib/kuka_urdf/__init__.py -> /home/lolo/ros2_ws/install/kuka_urdf/lib/python3.12/site-packages/kuka_urdf
[2.135s] copying /home/lolo/ros2_ws/build/kuka_urdf/build/lib/kuka_urdf/state_publisher.py -> /home/lolo/ros2_ws/install/kuka_urdf/lib/python3.12/site-packages/kuka_urdf
[2.135s] byte-compiling /home/lolo/ros2_ws/install/kuka_urdf/lib/python3.12/site-packages/kuka_urdf/__init__.py to __init__.cpython-312.pyc
[2.136s] byte-compiling /home/lolo/ros2_ws/install/kuka_urdf/lib/python3.12/site-packages/kuka_urdf/state_publisher.py to state_publisher.cpython-312.pyc
[2.136s] running install_data
[2.137s] copying resource/kuka_urdf -> /home/lolo/ros2_ws/install/kuka_urdf/share/ament_index/resource_index/packages
[2.137s] copying package.xml -> /home/lolo/ros2_ws/install/kuka_urdf/share/kuka_urdf
[2.137s] copying launch/demo_launch.py -> /home/lolo/ros2_ws/install/kuka_urdf/share/kuka_urdf/launch
[2.137s] copying urdf/kr210l150.urdf -> /home/lolo/ros2_ws/install/kuka_urdf/share/kuka_urdf/urdf
[2.137s] copying meshes/visual/link_5.dae -> /home/lolo/ros2_ws/install/kuka_urdf/share/kuka_urdf/meshes
[2.139s] copying meshes/visual/link_1.dae -> /home/lolo/ros2_ws/install/kuka_urdf/share/kuka_urdf/meshes
[2.140s] copying meshes/visual/link_3.dae -> /home/lolo/ros2_ws/install/kuka_urdf/share/kuka_urdf/meshes
[2.141s] copying meshes/visual/link_4.dae -> /home/lolo/ros2_ws/install/kuka_urdf/share/kuka_urdf/meshes
[2.142s] copying meshes/visual/base_link.dae -> /home/lolo/ros2_ws/install/kuka_urdf/share/kuka_urdf/meshes
[2.142s] copying meshes/visual/link_2.dae -> /home/lolo/ros2_ws/install/kuka_urdf/share/kuka_urdf/meshes
[2.145s] copying meshes/visual/link_6.dae -> /home/lolo/ros2_ws/install/kuka_urdf/share/kuka_urdf/meshes
[2.147s] copying meshes/collision/base_link.stl -> /home/lolo/ros2_ws/install/kuka_urdf/share/kuka_urdf/meshes
[2.147s] copying meshes/collision/link_1.stl -> /home/lolo/ros2_ws/install/kuka_urdf/share/kuka_urdf/meshes
[2.147s] copying meshes/collision/link_4.stl -> /home/lolo/ros2_ws/install/kuka_urdf/share/kuka_urdf/meshes
[2.147s] copying meshes/collision/link_2.stl -> /home/lolo/ros2_ws/install/kuka_urdf/share/kuka_urdf/meshes
[2.147s] copying meshes/collision/link_5.stl -> /home/lolo/ros2_ws/install/kuka_urdf/share/kuka_urdf/meshes
[2.147s] copying meshes/collision/link_3.stl -> /home/lolo/ros2_ws/install/kuka_urdf/share/kuka_urdf/meshes
[2.148s] copying meshes/collision/link_6.stl -> /home/lolo/ros2_ws/install/kuka_urdf/share/kuka_urdf/meshes
[2.148s] running install_egg_info
[2.171s] Copying ../../build/kuka_urdf/kuka_urdf.egg-info to /home/lolo/ros2_ws/install/kuka_urdf/lib/python3.12/site-packages/kuka_urdf-0.0.0-py3.12.egg-info
[2.172s] running install_scripts
[2.319s] Installing state_publisher script to /home/lolo/ros2_ws/install/kuka_urdf/lib/kuka_urdf
[2.320s] writing list of installed files to '/home/lolo/ros2_ws/build/kuka_urdf/install.log'
[2.349s] Invoked command in '/home/lolo/ros2_ws/src/kuka_urdf' returned '0': DEBUGINFOD_URLS=https://debuginfod.ubuntu.com PYTHONPATH=/home/lolo/ros2_ws/build/kuka_urdf/prefix_override:/usr/lib/python3/dist-packages/colcon_core/task/python/colcon_distutils_commands:/home/lolo/ros2_ws/install/kuka_urdf/lib/python3.12/site-packages:${PYTHONPATH} VIRTUAL_ENV_PROMPT=(.venv) /usr/bin/python3 -W ignore:setup.py install is deprecated -W ignore:easy_install command is deprecated setup.py egg_info --egg-base ../../build/kuka_urdf build --build-base /home/lolo/ros2_ws/build/kuka_urdf/build install --record /home/lolo/ros2_ws/build/kuka_urdf/install.log --single-version-externally-managed install_data --force
