[1.202s] Invoking command in '/home/lolo/ros2_ws/src/kuka_urdf': DEBUGINFOD_URLS=https://debuginfod.ubuntu.com PYTHONPATH=/home/lolo/ros2_ws/build/kuka_urdf/prefix_override:/usr/lib/python3/dist-packages/colcon_core/task/python/colcon_distutils_commands:/home/lolo/ros2_ws/install/kuka_urdf/lib/python3.12/site-packages:${PYTHONPATH} VIRTUAL_ENV_PROMPT=(.venv) /usr/bin/python3 -W ignore:setup.py install is deprecated -W ignore:easy_install command is deprecated setup.py egg_info --egg-base ../../build/kuka_urdf build --build-base /home/lolo/ros2_ws/build/kuka_urdf/build install --record /home/lolo/ros2_ws/build/kuka_urdf/install.log --single-version-externally-managed install_data
[1.507s] running egg_info
[1.531s] writing ../../build/kuka_urdf/kuka_urdf.egg-info/PKG-INFO
[1.531s] writing dependency_links to ../../build/kuka_urdf/kuka_urdf.egg-info/dependency_links.txt
[1.531s] writing entry points to ../../build/kuka_urdf/kuka_urdf.egg-info/entry_points.txt
[1.532s] writing requirements to ../../build/kuka_urdf/kuka_urdf.egg-info/requires.txt
[1.532s] writing top-level names to ../../build/kuka_urdf/kuka_urdf.egg-info/top_level.txt
[1.580s] reading manifest file '../../build/kuka_urdf/kuka_urdf.egg-info/SOURCES.txt'
[1.580s] adding license file 'LICENSE'
[1.581s] writing manifest file '../../build/kuka_urdf/kuka_urdf.egg-info/SOURCES.txt'
[1.581s] running build
[1.581s] running build_py
[1.581s] running install
[1.588s] running install_lib
[1.613s] running install_data
[1.613s] copying launch/launch.py -> /home/lolo/ros2_ws/install/kuka_urdf/share/kuka_urdf/launch
[1.614s] running install_egg_info
[1.639s] removing '/home/lolo/ros2_ws/install/kuka_urdf/lib/python3.12/site-packages/kuka_urdf-0.0.0-py3.12.egg-info' (and everything under it)
[1.639s] Copying ../../build/kuka_urdf/kuka_urdf.egg-info to /home/lolo/ros2_ws/install/kuka_urdf/lib/python3.12/site-packages/kuka_urdf-0.0.0-py3.12.egg-info
[1.640s] running install_scripts
[1.799s] Installing hello_node script to /home/lolo/ros2_ws/install/kuka_urdf/lib/kuka_urdf
[1.799s] Installing state_publisher script to /home/lolo/ros2_ws/install/kuka_urdf/lib/kuka_urdf
[1.800s] writing list of installed files to '/home/lolo/ros2_ws/build/kuka_urdf/install.log'
[1.828s] Invoked command in '/home/lolo/ros2_ws/src/kuka_urdf' returned '0': DEBUGINFOD_URLS=https://debuginfod.ubuntu.com PYTHONPATH=/home/lolo/ros2_ws/build/kuka_urdf/prefix_override:/usr/lib/python3/dist-packages/colcon_core/task/python/colcon_distutils_commands:/home/lolo/ros2_ws/install/kuka_urdf/lib/python3.12/site-packages:${PYTHONPATH} VIRTUAL_ENV_PROMPT=(.venv) /usr/bin/python3 -W ignore:setup.py install is deprecated -W ignore:easy_install command is deprecated setup.py egg_info --egg-base ../../build/kuka_urdf build --build-base /home/lolo/ros2_ws/build/kuka_urdf/build install --record /home/lolo/ros2_ws/build/kuka_urdf/install.log --single-version-externally-managed install_data
