[0.325s] Invoking command in '/home/lolo/ros2_ws/build/kukabot': CMAKE_PREFIX_PATH=${CMAKE_PREFIX_PATH}:/opt/ros/jazzy DEBUGINFOD_URLS=https://debuginfod.ubuntu.com VIRTUAL_ENV_PROMPT=(.venv) /usr/bin/cmake /home/lolo/ros2_ws/src/kukabot -DCMAKE_INSTALL_PREFIX=/home/lolo/ros2_ws/install/kukabot
[0.350s] -- Found ament_cmake: 2.5.3 (/opt/ros/jazzy/share/ament_cmake/cmake)
[0.675s] -- Found rclcpp: 28.1.6 (/opt/ros/jazzy/share/rclcpp/cmake)
[0.784s] -- Found rosidl_generator_c: 4.6.5 (/opt/ros/jazzy/share/rosidl_generator_c/cmake)
[0.840s] -- Found rosidl_generator_cpp: 4.6.5 (/opt/ros/jazzy/share/rosidl_generator_cpp/cmake)
[0.893s] -- Using all available rosidl_typesupport_c: rosidl_typesupport_fastrtps_c;rosidl_typesupport_introspection_c
[0.955s] -- Using all available rosidl_typesupport_cpp: rosidl_typesupport_fastrtps_cpp;rosidl_typesupport_introspection_cpp
[1.136s] -- Found rmw_implementation_cmake: 7.3.1 (/opt/ros/jazzy/share/rmw_implementation_cmake/cmake)
[1.143s] -- Found rmw_fastrtps_cpp: 8.4.1 (/opt/ros/jazzy/share/rmw_fastrtps_cpp/cmake)
[1.254s] -- Using RMW implementation 'rmw_fastrtps_cpp' as default
[1.371s] -- Found rclpy: 7.1.3 (/opt/ros/jazzy/share/rclpy/cmake)
[1.372s] -- Found std_msgs: 5.3.5 (/opt/ros/jazzy/share/std_msgs/cmake)
[1.395s] -- Found sensor_msgs: 5.3.5 (/opt/ros/jazzy/share/sensor_msgs/cmake)
[1.478s] -- Found urdf: 2.10.0 (/opt/ros/jazzy/share/urdf/cmake)
[1.500s] -- Found xacro: 2.0.11 (/opt/ros/jazzy/share/xacro/cmake)
[1.513s] [31mCMake Error at CMakeLists.txt:17 (find_package):
[1.513s]   By not providing "Findlaunch.cmake" in CMAKE_MODULE_PATH this project has
[1.513s]   asked CMake to find a package configuration file provided by "launch", but
[1.513s]   CMake did not find one.
[1.513s] 
[1.513s]   Could not find a package configuration file provided by "launch" with any
[1.513s]   of the following names:
[1.513s] 
[1.513s]     launchConfig.cmake
[1.514s]     launch-config.cmake
[1.514s] 
[1.514s]   Add the installation prefix of "launch" to CMAKE_PREFIX_PATH or set
[1.514s]   "launch_DIR" to a directory containing one of the above files.  If "launch"
[1.514s]   provides a separate development package or SDK, be sure it has been
[1.514s]   installed.
[1.514s] 
[1.514s] [0m
[1.514s] -- Configuring incomplete, errors occurred!
[1.519s] Invoked command in '/home/lolo/ros2_ws/build/kukabot' returned '1': CMAKE_PREFIX_PATH=${CMAKE_PREFIX_PATH}:/opt/ros/jazzy DEBUGINFOD_URLS=https://debuginfod.ubuntu.com VIRTUAL_ENV_PROMPT=(.venv) /usr/bin/cmake /home/lolo/ros2_ws/src/kukabot -DCMAKE_INSTALL_PREFIX=/home/lolo/ros2_ws/install/kukabot
