/home/lolo/ros2_ws/install/kuka_urdf/lib/python3.12/site-packages/kuka_urdf/__init__.py
/home/lolo/ros2_ws/install/kuka_urdf/lib/python3.12/site-packages/kuka_urdf/gamepad.py
/home/lolo/ros2_ws/install/kuka_urdf/lib/python3.12/site-packages/kuka_urdf/state_publisher.py
/home/lolo/ros2_ws/install/kuka_urdf/lib/python3.12/site-packages/kuka_urdf/__pycache__/__init__.cpython-312.pyc
/home/lolo/ros2_ws/install/kuka_urdf/lib/python3.12/site-packages/kuka_urdf/__pycache__/gamepad.cpython-312.pyc
/home/lolo/ros2_ws/install/kuka_urdf/lib/python3.12/site-packages/kuka_urdf/__pycache__/state_publisher.cpython-312.pyc
/home/lolo/ros2_ws/install/kuka_urdf/share/ament_index/resource_index/packages/kuka_urdf
/home/lolo/ros2_ws/install/kuka_urdf/share/kuka_urdf/package.xml
/home/lolo/ros2_ws/install/kuka_urdf/share/kuka_urdf/launch/launch.py
/home/lolo/ros2_ws/install/kuka_urdf/share/kuka_urdf/urdf/kuka.rviz
/home/lolo/ros2_ws/install/kuka_urdf/share/kuka_urdf/urdf/kr210l150_romulus.urdf
/home/lolo/ros2_ws/install/kuka_urdf/share/kuka_urdf/urdf/kr210l150_remus.urdf
/home/lolo/ros2_ws/install/kuka_urdf/share/kuka_urdf/meshes/visual/link_5.dae
/home/lolo/ros2_ws/install/kuka_urdf/share/kuka_urdf/meshes/visual/link_1.dae
/home/lolo/ros2_ws/install/kuka_urdf/share/kuka_urdf/meshes/visual/link_3.dae
/home/lolo/ros2_ws/install/kuka_urdf/share/kuka_urdf/meshes/visual/link_4.dae
/home/lolo/ros2_ws/install/kuka_urdf/share/kuka_urdf/meshes/visual/base_link.dae
/home/lolo/ros2_ws/install/kuka_urdf/share/kuka_urdf/meshes/visual/link_2.dae
/home/lolo/ros2_ws/install/kuka_urdf/share/kuka_urdf/meshes/visual/link_6.dae
/home/lolo/ros2_ws/install/kuka_urdf/share/kuka_urdf/meshes/collision/base_link.stl
/home/lolo/ros2_ws/install/kuka_urdf/share/kuka_urdf/meshes/collision/link_1.stl
/home/lolo/ros2_ws/install/kuka_urdf/share/kuka_urdf/meshes/collision/link_4.stl
/home/lolo/ros2_ws/install/kuka_urdf/share/kuka_urdf/meshes/collision/link_2.stl
/home/lolo/ros2_ws/install/kuka_urdf/share/kuka_urdf/meshes/collision/link_5.stl
/home/lolo/ros2_ws/install/kuka_urdf/share/kuka_urdf/meshes/collision/link_3.stl
/home/lolo/ros2_ws/install/kuka_urdf/share/kuka_urdf/meshes/collision/link_6.stl
/home/lolo/ros2_ws/install/kuka_urdf/lib/python3.12/site-packages/kuka_urdf-0.0.0-py3.12.egg-info/zip-safe
/home/lolo/ros2_ws/install/kuka_urdf/lib/python3.12/site-packages/kuka_urdf-0.0.0-py3.12.egg-info/top_level.txt
/home/lolo/ros2_ws/install/kuka_urdf/lib/python3.12/site-packages/kuka_urdf-0.0.0-py3.12.egg-info/PKG-INFO
/home/lolo/ros2_ws/install/kuka_urdf/lib/python3.12/site-packages/kuka_urdf-0.0.0-py3.12.egg-info/entry_points.txt
/home/lolo/ros2_ws/install/kuka_urdf/lib/python3.12/site-packages/kuka_urdf-0.0.0-py3.12.egg-info/requires.txt
/home/lolo/ros2_ws/install/kuka_urdf/lib/python3.12/site-packages/kuka_urdf-0.0.0-py3.12.egg-info/SOURCES.txt
/home/lolo/ros2_ws/install/kuka_urdf/lib/python3.12/site-packages/kuka_urdf-0.0.0-py3.12.egg-info/dependency_links.txt
/home/lolo/ros2_ws/install/kuka_urdf/lib/kuka_urdf/state_publisher
