running egg_info
writing ../../build/kuka_urdf/kuka_urdf.egg-info/PKG-INFO
writing dependency_links to ../../build/kuka_urdf/kuka_urdf.egg-info/dependency_links.txt
writing entry points to ../../build/kuka_urdf/kuka_urdf.egg-info/entry_points.txt
writing requirements to ../../build/kuka_urdf/kuka_urdf.egg-info/requires.txt
writing top-level names to ../../build/kuka_urdf/kuka_urdf.egg-info/top_level.txt
reading manifest file '../../build/kuka_urdf/kuka_urdf.egg-info/SOURCES.txt'
adding license file 'LICENSE'
writing manifest file '../../build/kuka_urdf/kuka_urdf.egg-info/SOURCES.txt'
running build
running build_py
running install
running install_lib
running install_data
copying urdf/kr210l150_romulus.urdf -> /home/lolo/ros2_ws/install/kuka_urdf/share/kuka_urdf/urdf
copying urdf/kr210l150_remus.urdf -> /home/lolo/ros2_ws/install/kuka_urdf/share/kuka_urdf/urdf
running install_egg_info
removing '/home/lolo/ros2_ws/install/kuka_urdf/lib/python3.12/site-packages/kuka_urdf-0.0.0-py3.12.egg-info' (and everything under it)
Copying ../../build/kuka_urdf/kuka_urdf.egg-info to /home/lolo/ros2_ws/install/kuka_urdf/lib/python3.12/site-packages/kuka_urdf-0.0.0-py3.12.egg-info
running install_scripts
Installing hello_node script to /home/lolo/ros2_ws/install/kuka_urdf/lib/kuka_urdf
Installing state_publisher script to /home/lolo/ros2_ws/install/kuka_urdf/lib/kuka_urdf
writing list of installed files to '/home/lolo/ros2_ws/build/kuka_urdf/install.log'
