running develop
running egg_info
writing kuka_urdf.egg-info/PKG-INFO
writing dependency_links to kuka_urdf.egg-info/dependency_links.txt
writing entry points to kuka_urdf.egg-info/entry_points.txt
writing requirements to kuka_urdf.egg-info/requires.txt
writing top-level names to kuka_urdf.egg-info/top_level.txt
reading manifest file 'kuka_urdf.egg-info/SOURCES.txt'
writing manifest file 'kuka_urdf.egg-info/SOURCES.txt'
running build_ext
Creating /home/lolo/ros2_ws/install/kuka_urdf/lib/python3.12/site-packages/kuka-urdf.egg-link (link to .)
Installing state_publisher script to /home/lolo/ros2_ws/install/kuka_urdf/lib/kuka_urdf

Installed /home/lolo/ros2_ws/build/kuka_urdf
running symlink_data
symbolically linking /home/lolo/ros2_ws/build/kuka_urdf/meshes/visual/link_5.dae -> /home/lolo/ros2_ws/install/kuka_urdf/share/kuka_urdf/meshes
symbolically linking /home/lolo/ros2_ws/build/kuka_urdf/meshes/visual/link_1.dae -> /home/lolo/ros2_ws/install/kuka_urdf/share/kuka_urdf/meshes
symbolically linking /home/lolo/ros2_ws/build/kuka_urdf/meshes/visual/link_3.dae -> /home/lolo/ros2_ws/install/kuka_urdf/share/kuka_urdf/meshes
symbolically linking /home/lolo/ros2_ws/build/kuka_urdf/meshes/visual/link_4.dae -> /home/lolo/ros2_ws/install/kuka_urdf/share/kuka_urdf/meshes
symbolically linking /home/lolo/ros2_ws/build/kuka_urdf/meshes/visual/base_link.dae -> /home/lolo/ros2_ws/install/kuka_urdf/share/kuka_urdf/meshes
symbolically linking /home/lolo/ros2_ws/build/kuka_urdf/meshes/visual/link_2.dae -> /home/lolo/ros2_ws/install/kuka_urdf/share/kuka_urdf/meshes
symbolically linking /home/lolo/ros2_ws/build/kuka_urdf/meshes/visual/link_6.dae -> /home/lolo/ros2_ws/install/kuka_urdf/share/kuka_urdf/meshes
symbolically linking /home/lolo/ros2_ws/build/kuka_urdf/meshes/collision/base_link.stl -> /home/lolo/ros2_ws/install/kuka_urdf/share/kuka_urdf/meshes
symbolically linking /home/lolo/ros2_ws/build/kuka_urdf/meshes/collision/link_1.stl -> /home/lolo/ros2_ws/install/kuka_urdf/share/kuka_urdf/meshes
symbolically linking /home/lolo/ros2_ws/build/kuka_urdf/meshes/collision/link_4.stl -> /home/lolo/ros2_ws/install/kuka_urdf/share/kuka_urdf/meshes
symbolically linking /home/lolo/ros2_ws/build/kuka_urdf/meshes/collision/link_2.stl -> /home/lolo/ros2_ws/install/kuka_urdf/share/kuka_urdf/meshes
symbolically linking /home/lolo/ros2_ws/build/kuka_urdf/meshes/collision/link_5.stl -> /home/lolo/ros2_ws/install/kuka_urdf/share/kuka_urdf/meshes
symbolically linking /home/lolo/ros2_ws/build/kuka_urdf/meshes/collision/link_3.stl -> /home/lolo/ros2_ws/install/kuka_urdf/share/kuka_urdf/meshes
symbolically linking /home/lolo/ros2_ws/build/kuka_urdf/meshes/collision/link_6.stl -> /home/lolo/ros2_ws/install/kuka_urdf/share/kuka_urdf/meshes
