[0.859s] Invoking command in '/home/lolo/ros2_ws/build/kuka_urdf': DEBUGINFOD_URLS=https://debuginfod.ubuntu.com PYTHONPATH=/home/lolo/ros2_ws/build/kuka_urdf/prefix_override:/usr/lib/python3/dist-packages/colcon_core/task/python/colcon_distutils_commands:/home/lolo/ros2_ws/install/kuka_urdf/lib/python3.12/site-packages:${PYTHONPATH} VIRTUAL_ENV_PROMPT=(.venv) /usr/bin/python3 -W ignore:setup.py install is deprecated -W ignore:easy_install command is deprecated setup.py develop --editable --build-directory /home/lolo/ros2_ws/build/kuka_urdf/build --no-deps symlink_data
[1.204s] running develop
[1.434s] running egg_info
[1.455s] writing kuka_urdf.egg-info/PKG-INFO
[1.455s] writing dependency_links to kuka_urdf.egg-info/dependency_links.txt
[1.455s] writing entry points to kuka_urdf.egg-info/entry_points.txt
[1.455s] writing requirements to kuka_urdf.egg-info/requires.txt
[1.456s] writing top-level names to kuka_urdf.egg-info/top_level.txt
[1.499s] reading manifest file 'kuka_urdf.egg-info/SOURCES.txt'
[1.500s] writing manifest file 'kuka_urdf.egg-info/SOURCES.txt'
[1.523s] running build_ext
[1.523s] Creating /home/lolo/ros2_ws/install/kuka_urdf/lib/python3.12/site-packages/kuka-urdf.egg-link (link to .)
[1.524s] Installing state_publisher script to /home/lolo/ros2_ws/install/kuka_urdf/lib/kuka_urdf
[1.524s] 
[1.524s] Installed /home/lolo/ros2_ws/build/kuka_urdf
[1.524s] running symlink_data
[1.525s] symbolically linking /home/lolo/ros2_ws/build/kuka_urdf/meshes/visual/link_5.dae -> /home/lolo/ros2_ws/install/kuka_urdf/share/kuka_urdf/meshes
[1.525s] symbolically linking /home/lolo/ros2_ws/build/kuka_urdf/meshes/visual/link_1.dae -> /home/lolo/ros2_ws/install/kuka_urdf/share/kuka_urdf/meshes
[1.525s] symbolically linking /home/lolo/ros2_ws/build/kuka_urdf/meshes/visual/link_3.dae -> /home/lolo/ros2_ws/install/kuka_urdf/share/kuka_urdf/meshes
[1.525s] symbolically linking /home/lolo/ros2_ws/build/kuka_urdf/meshes/visual/link_4.dae -> /home/lolo/ros2_ws/install/kuka_urdf/share/kuka_urdf/meshes
[1.525s] symbolically linking /home/lolo/ros2_ws/build/kuka_urdf/meshes/visual/base_link.dae -> /home/lolo/ros2_ws/install/kuka_urdf/share/kuka_urdf/meshes
[1.525s] symbolically linking /home/lolo/ros2_ws/build/kuka_urdf/meshes/visual/link_2.dae -> /home/lolo/ros2_ws/install/kuka_urdf/share/kuka_urdf/meshes
[1.525s] symbolically linking /home/lolo/ros2_ws/build/kuka_urdf/meshes/visual/link_6.dae -> /home/lolo/ros2_ws/install/kuka_urdf/share/kuka_urdf/meshes
[1.526s] symbolically linking /home/lolo/ros2_ws/build/kuka_urdf/meshes/collision/base_link.stl -> /home/lolo/ros2_ws/install/kuka_urdf/share/kuka_urdf/meshes
[1.526s] symbolically linking /home/lolo/ros2_ws/build/kuka_urdf/meshes/collision/link_1.stl -> /home/lolo/ros2_ws/install/kuka_urdf/share/kuka_urdf/meshes
[1.526s] symbolically linking /home/lolo/ros2_ws/build/kuka_urdf/meshes/collision/link_4.stl -> /home/lolo/ros2_ws/install/kuka_urdf/share/kuka_urdf/meshes
[1.526s] symbolically linking /home/lolo/ros2_ws/build/kuka_urdf/meshes/collision/link_2.stl -> /home/lolo/ros2_ws/install/kuka_urdf/share/kuka_urdf/meshes
[1.526s] symbolically linking /home/lolo/ros2_ws/build/kuka_urdf/meshes/collision/link_5.stl -> /home/lolo/ros2_ws/install/kuka_urdf/share/kuka_urdf/meshes
[1.526s] symbolically linking /home/lolo/ros2_ws/build/kuka_urdf/meshes/collision/link_3.stl -> /home/lolo/ros2_ws/install/kuka_urdf/share/kuka_urdf/meshes
[1.526s] symbolically linking /home/lolo/ros2_ws/build/kuka_urdf/meshes/collision/link_6.stl -> /home/lolo/ros2_ws/install/kuka_urdf/share/kuka_urdf/meshes
[1.552s] Invoked command in '/home/lolo/ros2_ws/build/kuka_urdf' returned '0': DEBUGINFOD_URLS=https://debuginfod.ubuntu.com PYTHONPATH=/home/lolo/ros2_ws/build/kuka_urdf/prefix_override:/usr/lib/python3/dist-packages/colcon_core/task/python/colcon_distutils_commands:/home/lolo/ros2_ws/install/kuka_urdf/lib/python3.12/site-packages:${PYTHONPATH} VIRTUAL_ENV_PROMPT=(.venv) /usr/bin/python3 -W ignore:setup.py install is deprecated -W ignore:easy_install command is deprecated setup.py develop --editable --build-directory /home/lolo/ros2_ws/build/kuka_urdf/build --no-deps symlink_data
