[0.017s] Invoking command in '/home/lolo/ros2_ws/build/kukabot': CMAKE_PREFIX_PATH=${CMAKE_PREFIX_PATH}:/opt/ros/jazzy DEBUGINFOD_URLS=https://debuginfod.ubuntu.com VIRTUAL_ENV_PROMPT=(.venv) /usr/bin/cmake /home/lolo/ros2_ws/src/kukabot -DCMAKE_INSTALL_PREFIX=/home/lolo/ros2_ws/install/kukabot
[0.089s] -- The C compiler identification is GNU 13.3.0
[0.151s] -- The CXX compiler identification is GNU 13.3.0
[0.173s] -- Detecting C compiler ABI info
[0.265s] -- Detecting C compiler ABI info - done
[0.276s] -- Check for working C compiler: /usr/bin/cc - skipped
[0.276s] -- Detecting C compile features
[0.277s] -- Detecting C compile features - done
[0.287s] -- Detecting CXX compiler ABI info
[0.381s] -- Detecting CXX compiler ABI info - done
[0.391s] -- Check for working CXX compiler: /usr/bin/c++ - skipped
[0.391s] -- Detecting CXX compile features
[0.392s] -- Detecting CXX compile features - done
[0.400s] -- Found ament_cmake: 2.5.3 (/opt/ros/jazzy/share/ament_cmake/cmake)
[0.520s] -- Found Python3: /home/lolo/ros2_ws/.venv/bin/python3 (found version "3.12.3") found components: Interpreter 
[0.652s] -- Found rclcpp: 28.1.6 (/opt/ros/jazzy/share/rclcpp/cmake)
[0.715s] -- Found rosidl_generator_c: 4.6.5 (/opt/ros/jazzy/share/rosidl_generator_c/cmake)
[0.735s] -- Found rosidl_generator_cpp: 4.6.5 (/opt/ros/jazzy/share/rosidl_generator_cpp/cmake)
[0.762s] -- Using all available rosidl_typesupport_c: rosidl_typesupport_fastrtps_c;rosidl_typesupport_introspection_c
[0.790s] -- Using all available rosidl_typesupport_cpp: rosidl_typesupport_fastrtps_cpp;rosidl_typesupport_introspection_cpp
[0.903s] -- Found rmw_implementation_cmake: 7.3.1 (/opt/ros/jazzy/share/rmw_implementation_cmake/cmake)
[0.908s] -- Found rmw_fastrtps_cpp: 8.4.1 (/opt/ros/jazzy/share/rmw_fastrtps_cpp/cmake)
[1.012s] -- Found OpenSSL: /usr/lib/x86_64-linux-gnu/libcrypto.so (found version "3.0.13")  
[1.037s] -- Found FastRTPS: /opt/ros/jazzy/include (Required is at least version "2.13") 
[1.060s] -- Using RMW implementation 'rmw_fastrtps_cpp' as default
[1.169s] -- Found rclpy: 7.1.3 (/opt/ros/jazzy/share/rclpy/cmake)
[1.171s] -- Found std_msgs: 5.3.5 (/opt/ros/jazzy/share/std_msgs/cmake)
[1.195s] -- Found sensor_msgs: 5.3.5 (/opt/ros/jazzy/share/sensor_msgs/cmake)
[1.258s] -- Found urdf: 2.10.0 (/opt/ros/jazzy/share/urdf/cmake)
[1.296s] -- Found xacro: 2.0.11 (/opt/ros/jazzy/share/xacro/cmake)
[1.308s] [31mCMake Error at CMakeLists.txt:17 (find_package):
[1.308s]   By not providing "Findlaunch.cmake" in CMAKE_MODULE_PATH this project has
[1.308s]   asked CMake to find a package configuration file provided by "launch", but
[1.308s]   CMake did not find one.
[1.308s] 
[1.308s]   Could not find a package configuration file provided by "launch" with any
[1.308s]   of the following names:
[1.308s] 
[1.309s]     launchConfig.cmake
[1.309s]     launch-config.cmake
[1.309s] 
[1.309s]   Add the installation prefix of "launch" to CMAKE_PREFIX_PATH or set
[1.309s]   "launch_DIR" to a directory containing one of the above files.  If "launch"
[1.309s]   provides a separate development package or SDK, be sure it has been
[1.309s]   installed.
[1.309s] 
[1.309s] [0m
[1.310s] -- Configuring incomplete, errors occurred!
[1.318s] Invoked command in '/home/lolo/ros2_ws/build/kukabot' returned '1': CMAKE_PREFIX_PATH=${CMAKE_PREFIX_PATH}:/opt/ros/jazzy DEBUGINFOD_URLS=https://debuginfod.ubuntu.com VIRTUAL_ENV_PROMPT=(.venv) /usr/bin/cmake /home/lolo/ros2_ws/src/kukabot -DCMAKE_INSTALL_PREFIX=/home/lolo/ros2_ws/install/kukabot
