[1.261s] Invoking command in '/home/lolo/ros2_ws/src/hello_package': DEBUGINFOD_URLS=https://debuginfod.ubuntu.com PYTHONPATH=/home/lolo/ros2_ws/build/hello_package/prefix_override:/usr/lib/python3/dist-packages/colcon_core/task/python/colcon_distutils_commands:/home/lolo/ros2_ws/install/hello_package/lib/python3.12/site-packages:${PYTHONPATH} /usr/bin/python3 -W ignore:setup.py install is deprecated -W ignore:easy_install command is deprecated setup.py egg_info --egg-base ../../build/hello_package build --build-base /home/lolo/ros2_ws/build/hello_package/build install --record /home/lolo/ros2_ws/build/hello_package/install.log --single-version-externally-managed install_data
[1.566s] running egg_info
[1.588s] writing ../../build/hello_package/hello_package.egg-info/PKG-INFO
[1.588s] writing dependency_links to ../../build/hello_package/hello_package.egg-info/dependency_links.txt
[1.588s] writing entry points to ../../build/hello_package/hello_package.egg-info/entry_points.txt
[1.588s] writing requirements to ../../build/hello_package/hello_package.egg-info/requires.txt
[1.589s] writing top-level names to ../../build/hello_package/hello_package.egg-info/top_level.txt
[1.642s] reading manifest file '../../build/hello_package/hello_package.egg-info/SOURCES.txt'
[1.643s] writing manifest file '../../build/hello_package/hello_package.egg-info/SOURCES.txt'
[1.644s] running build
[1.644s] running build_py
[1.644s] running install
[1.654s] running install_lib
[1.680s] running install_data
[1.680s] running install_egg_info
[1.716s] removing '/home/lolo/ros2_ws/install/hello_package/lib/python3.12/site-packages/hello_package-0.0.0-py3.12.egg-info' (and everything under it)
[1.716s] Copying ../../build/hello_package/hello_package.egg-info to /home/lolo/ros2_ws/install/hello_package/lib/python3.12/site-packages/hello_package-0.0.0-py3.12.egg-info
[1.717s] running install_scripts
[1.892s] Installing hello_node script to /home/lolo/ros2_ws/install/hello_package/lib/hello_package
[1.893s] writing list of installed files to '/home/lolo/ros2_ws/build/hello_package/install.log'
[1.935s] Invoked command in '/home/lolo/ros2_ws/src/hello_package' returned '0': DEBUGINFOD_URLS=https://debuginfod.ubuntu.com PYTHONPATH=/home/lolo/ros2_ws/build/hello_package/prefix_override:/usr/lib/python3/dist-packages/colcon_core/task/python/colcon_distutils_commands:/home/lolo/ros2_ws/install/hello_package/lib/python3.12/site-packages:${PYTHONPATH} /usr/bin/python3 -W ignore:setup.py install is deprecated -W ignore:easy_install command is deprecated setup.py egg_info --egg-base ../../build/hello_package build --build-base /home/lolo/ros2_ws/build/hello_package/build install --record /home/lolo/ros2_ws/build/hello_package/install.log --single-version-externally-managed install_data
